<?xml version="1.0" encoding="UTF-8"?>
<!-- Generated by org.testng.reporters.JUnitReportReporter -->
<testsuite hostname="Sweety" failures="0" tests="1" name="Tests.Standalonetest" time="0.304" errors="0" timestamp="2025-04-22T20:08:41 IST" skipped="0">
  <testcase classname="Tests.Standalonetest" name="run" time="0.304"/>
</testsuite> <!-- Tests.Standalonetest -->
