<?xml version="1.0" encoding="UTF-8"?>
<!-- Generated by org.testng.reporters.JUnitReportReporter -->
<testsuite hostname="Omen17" failures="0" tests="1" name="Tests.Standalonetest" time="0.192" errors="0" timestamp="2025-04-28T17:59:46 IST" skipped="0">
  <testcase classname="Tests.Standalonetest" name="run" time="0.192"/>
</testsuite> <!-- Tests.Standalonetest -->
