<?xml version="1.0" encoding="UTF-8"?>
<!-- Generated by org.testng.reporters.JUnitReportReporter -->
<testsuite hostname="Sweety" failures="0" tests="1" name="Tests.Standalonetest" time="0.381" errors="0" timestamp="2025-04-23T12:16:45 IST" skipped="0">
  <testcase classname="Tests.Standalonetest" name="run" time="0.381"/>
</testsuite> <!-- Tests.Standalonetest -->
