<?xml version="1.0" encoding="UTF-8"?>
<!-- Generated by org.testng.reporters.JUnitReportReporter -->
<testsuite hostname="Sweety" failures="0" tests="1" name="Testcomponents.BaseTest" time="0.009" errors="0" timestamp="2025-04-21T17:02:27 IST" skipped="0">
  <testcase classname="Testcomponents.BaseTest" name="ram" time="0.009"/>
</testsuite> <!-- Testcomponents.BaseTest -->
